[2017-10-18 18:01:26,592][WARNING][base][base.py:152 -         get_response() ] Not Found: /static/vendor/bootstrap/css/bootstrap.min.css
[2017-10-18 18:01:26,599][WARNING][base][base.py:152 -         get_response() ] Not Found: /static/css/sb-admin-2.min.css
[2017-10-18 18:01:26,606][WARNING][base][base.py:152 -         get_response() ] Not Found: /static/css/customer-service.css
[2017-10-18 18:01:26,613][WARNING][base][base.py:152 -         get_response() ] Not Found: /static/vendor/bootstrap-social/bootstrap-social.css
[2017-10-18 18:01:26,620][WARNING][base][base.py:152 -         get_response() ] Not Found: /static/vendor/metisMenu/metisMenu.min.css
[2017-10-18 18:01:26,647][WARNING][base][base.py:152 -         get_response() ] Not Found: /static/common/font-awesome/css/font-awesome.min.css
[2017-10-18 18:01:26,735][WARNING][base][base.py:152 -         get_response() ] Not Found: /static/common/fileupload/css/fileinput.css
[2017-10-18 18:01:26,744][WARNING][base][base.py:152 -         get_response() ] Not Found: /static/vendor/datatables/css/dataTables.bootstrap4.min.css
[2017-10-18 18:01:26,753][WARNING][base][base.py:152 -         get_response() ] Not Found: /static/common/selector2/css/select2.min.css
[2017-10-18 18:01:26,759][WARNING][base][base.py:152 -         get_response() ] Not Found: /static/css/player.css
[2017-10-18 18:01:26,793][WARNING][base][base.py:152 -         get_response() ] Not Found: /static/vendor/bootstrap/js/bootstrap.min.js
[2017-10-18 18:01:26,807][WARNING][base][base.py:152 -         get_response() ] Not Found: /static/common/date/dateRange.css
[2017-10-18 18:01:26,888][WARNING][base][base.py:152 -         get_response() ] Not Found: /static/common/fileupload/js/plugins/purify.js
[2017-10-18 18:01:26,898][WARNING][base][base.py:152 -         get_response() ] Not Found: /static/common/fileupload/js/plugins/piexif.js
[2017-10-18 18:01:26,904][WARNING][base][base.py:152 -         get_response() ] Not Found: /static/vendor/metisMenu/metisMenu.min.js
[2017-10-18 18:01:26,920][WARNING][base][base.py:152 -         get_response() ] Not Found: /static/vendor/datatables/js/jquery.dataTables.min.js
[2017-10-18 18:01:26,950][WARNING][base][base.py:152 -         get_response() ] Not Found: /static/common/date/dateRange.js
[2017-10-18 18:01:26,954][WARNING][base][base.py:152 -         get_response() ] Not Found: /static/common/js/jquery.cookie.js
[2017-10-18 18:01:27,036][WARNING][base][base.py:152 -         get_response() ] Not Found: /static/common/fileupload/js/fileinput.min.js
[2017-10-18 18:01:27,042][WARNING][base][base.py:152 -         get_response() ] Not Found: /static/js/player.js
[2017-10-18 18:01:27,056][WARNING][base][base.py:152 -         get_response() ] Not Found: /static/common/selector2/js/select2.full.js
[2017-10-18 18:01:27,077][WARNING][base][base.py:152 -         get_response() ] Not Found: /static/js/sb-admin-2.min.js
[2017-10-18 18:01:27,095][WARNING][base][base.py:152 -         get_response() ] Not Found: /static/common/fileupload/js/plugins/sortable.js
[2017-10-18 18:01:27,105][WARNING][base][base.py:152 -         get_response() ] Not Found: /static/common/fileupload/js/locales/LANG.js
[2017-10-18 18:01:27,147][WARNING][base][base.py:152 -         get_response() ] Not Found: /static/common/jquery/jquery.min.js
[2017-10-18 18:01:27,161][WARNING][base][base.py:152 -         get_response() ] Not Found: /static/common/bootstrap/js/popper.min.js
[2017-10-18 18:01:27,174][WARNING][base][base.py:152 -         get_response() ] Not Found: /static/vendor/datatables/js/dataTables.bootstrap4.min.js
[2017-10-18 18:01:27,209][WARNING][base][base.py:152 -         get_response() ] Not Found: /static/img/niudao.png
